<?xml version="1.0" encoding="UTF-8"?>
<testng-results ignored="0" total="1" passed="1" failed="0" skipped="0">
  <reporter-output>
  </reporter-output>
  <suite started-at="2023-10-20T17:52:15 IST" name="Default suite" finished-at="2023-10-20T17:52:56 IST" duration-ms="41617">
    <groups>
    </groups>
    <test started-at="2023-10-20T17:52:15 IST" name="Default test" finished-at="2023-10-20T17:52:56 IST" duration-ms="41617">
      <class name="com.mariners.test.MarinersTest">
        <test-method is-config="true" signature="setUp()[pri:0, instance:com.mariners.test.MarinersTest@74f0ea28]" started-at="2023-10-20T17:52:15 IST" name="setUp" finished-at="2023-10-20T17:52:18 IST" duration-ms="3243" status="PASS">
          <reporter-output>
          </reporter-output>
        </test-method> <!-- setUp -->
        <test-method is-config="true" signature="urlLoading()[pri:0, instance:com.mariners.test.MarinersTest@74f0ea28]" started-at="2023-10-20T17:52:18 IST" name="urlLoading" finished-at="2023-10-20T17:52:25 IST" duration-ms="6849" status="PASS">
          <reporter-output>
          </reporter-output>
        </test-method> <!-- urlLoading -->
        <test-method signature="test()[pri:0, instance:com.mariners.test.MarinersTest@74f0ea28]" started-at="2023-10-20T17:52:25 IST" name="test" finished-at="2023-10-20T17:52:56 IST" duration-ms="31432" status="PASS">
          <reporter-output>
          </reporter-output>
        </test-method> <!-- test -->
      </class> <!-- com.mariners.test.MarinersTest -->
    </test> <!-- Default test -->
  </suite> <!-- Default suite -->
</testng-results>
