<?xml version="1.0" encoding="UTF-8"?>
<testng-results ignored="0" total="1" passed="1" failed="0" skipped="0">
  <reporter-output>
  </reporter-output>
  <suite started-at="2023-10-20T14:32:43 IST" name="Default suite" finished-at="2023-10-20T14:33:25 IST" duration-ms="42385">
    <groups>
    </groups>
    <test started-at="2023-10-20T14:32:43 IST" name="Default test" finished-at="2023-10-20T14:33:25 IST" duration-ms="42385">
      <class name="com.mariners.test.MarinersTest">
        <test-method is-config="true" signature="setUp()[pri:0, instance:com.mariners.test.MarinersTest@409bf450]" started-at="2023-10-20T14:32:43 IST" name="setUp" finished-at="2023-10-20T14:32:47 IST" duration-ms="4534" status="PASS">
          <reporter-output>
          </reporter-output>
        </test-method> <!-- setUp -->
        <test-method is-config="true" signature="urlLoading()[pri:0, instance:com.mariners.test.MarinersTest@409bf450]" started-at="2023-10-20T14:32:47 IST" name="urlLoading" finished-at="2023-10-20T14:32:52 IST" duration-ms="5191" status="PASS">
          <reporter-output>
          </reporter-output>
        </test-method> <!-- urlLoading -->
        <test-method signature="test()[pri:0, instance:com.mariners.test.MarinersTest@409bf450]" started-at="2023-10-20T14:32:52 IST" name="test" finished-at="2023-10-20T14:33:25 IST" duration-ms="32567" status="PASS">
          <reporter-output>
          </reporter-output>
        </test-method> <!-- test -->
      </class> <!-- com.mariners.test.MarinersTest -->
    </test> <!-- Default test -->
  </suite> <!-- Default suite -->
</testng-results>
